c:\users\david_000\documents\visual studio 2013\projects\directx3d project\x64\debug\directx project.pch
c:\users\david_000\documents\visual studio 2013\projects\directx3d project\x64\debug\vc120.pdb
c:\users\david_000\documents\visual studio 2013\projects\directx3d project\x64\debug\vc120.idb
c:\users\david_000\documents\visual studio 2013\projects\directx3d project\x64\debug\pch.obj
c:\users\david_000\documents\visual studio 2013\projects\directx3d project\x64\debug\camera.obj
c:\users\david_000\documents\visual studio 2013\projects\directx3d project\x64\debug\cube.obj
c:\users\david_000\documents\visual studio 2013\projects\directx3d project\x64\debug\light.obj
c:\users\david_000\documents\visual studio 2013\projects\directx3d project\x64\debug\simulation.obj
c:\users\david_000\documents\visual studio 2013\projects\directx3d project\x64\debug\object.obj
c:\users\david_000\documents\visual studio 2013\projects\directx3d project\x64\debug\main.obj
c:\users\david_000\documents\visual studio 2013\projects\directx3d project\x64\debug\sphere.obj
c:\users\david_000\documents\visual studio 2013\projects\directx3d project\x64\debug\vertexbuffer.obj
c:\users\david_000\documents\visual studio 2013\projects\directx3d project\x64\debug\shape.obj
c:\users\david_000\documents\visual studio 2013\projects\directx3d project\x64\debug\shader.cso
c:\users\david_000\documents\visual studio 2013\projects\directx3d project\x64\debug\directx project.ilk
c:\users\david_000\documents\visual studio 2013\projects\directx3d project\x64\debug\directx project.exe
c:\users\david_000\documents\visual studio 2013\projects\directx3d project\x64\debug\directx project.pdb
c:\users\david_000\documents\visual studio 2013\projects\directx3d project\x64\debug\resource.res
c:\users\david_000\documents\visual studio 2013\projects\directx3d project\x64\debug\directx project.exe.embed.manifest.res
c:\users\david_000\documents\visual studio 2013\projects\directx3d project\x64\debug\directx project.exe.embed.manifest
c:\users\david_000\documents\visual studio 2013\projects\directx3d project\x64\debug\directx project_manifest.rc
c:\users\david_000\documents\visual studio 2013\projects\directx3d project\x64\debug\directx project.tlog\cl.command.1.tlog
c:\users\david_000\documents\visual studio 2013\projects\directx3d project\x64\debug\directx project.tlog\cl.read.1.tlog
c:\users\david_000\documents\visual studio 2013\projects\directx3d project\x64\debug\directx project.tlog\cl.write.1.tlog
c:\users\david_000\documents\visual studio 2013\projects\directx3d project\x64\debug\directx project.tlog\directx project.write.1u.tlog
c:\users\david_000\documents\visual studio 2013\projects\directx3d project\x64\debug\directx project.tlog\fxc.command.1.tlog
c:\users\david_000\documents\visual studio 2013\projects\directx3d project\x64\debug\directx project.tlog\fxc.read.1.tlog
c:\users\david_000\documents\visual studio 2013\projects\directx3d project\x64\debug\directx project.tlog\fxc.write.1.tlog
c:\users\david_000\documents\visual studio 2013\projects\directx3d project\x64\debug\directx project.tlog\link.command.1.tlog
c:\users\david_000\documents\visual studio 2013\projects\directx3d project\x64\debug\directx project.tlog\link.read.1.tlog
c:\users\david_000\documents\visual studio 2013\projects\directx3d project\x64\debug\directx project.tlog\link.write.1.tlog
c:\users\david_000\documents\visual studio 2013\projects\directx3d project\x64\debug\directx project.tlog\rc.command.1.tlog
c:\users\david_000\documents\visual studio 2013\projects\directx3d project\x64\debug\directx project.tlog\rc.read.1.tlog
c:\users\david_000\documents\visual studio 2013\projects\directx3d project\x64\debug\directx project.tlog\rc.write.1.tlog
