Build started 13/08/2015 22:42:22.
     1>Project "C:\Users\David_000\Documents\Visual Studio 2013\Projects\DirectX3D Project\DirectX Project.vcxproj" on node 2 (Build target(s)).
     1>ClCompile:
         C:\Program Files (x86)\Microsoft Visual Studio 12.0\VC\bin\x86_amd64\CL.exe /c /I"C:\Users\David_000\Documents\Visual Studio 2013\Projects\DirectX3D Project\packages\fx11_desktop_2013.2015.4.14.2\build\native\../../build/native/include/" /I"C:\Users\David_000\Documents\Visual Studio 2013\Projects\DirectX Project\DirectXTK\Inc" /I"C:\Users\David_000\Documents\Visual Studio 2013\Projects\DirectX3D Project\Effects11\inc" /Zi /nologo /W3 /WX- /O2 /Oi /GL /D HAS_FX11 /D WIN32 /D NDEBUG /D _WINDOWS /D _UNICODE /D UNICODE /Gm- /EHsc /MD /GS /Gy /fp:precise /Zc:wchar_t /Zc:forScope /Yu"pch.h" /Fp"x64\Release\DirectX Project.pch" /Fo"x64\Release\\" /Fd"x64\Release\vc120.pdb" /Gd /TP /errorReport:prompt Cube.cpp
         Cube.cpp
     1>Cube.cpp(19): warning C4305: 'argument' : truncation from 'double' to 'float'
       Link:
         C:\Program Files (x86)\Microsoft Visual Studio 12.0\VC\bin\x86_amd64\link.exe /ERRORREPORT:PROMPT /OUT:"C:\Users\David_000\Documents\Visual Studio 2013\Projects\DirectX3D Project\x64\Release\DirectX Project.exe" /INCREMENTAL:NO /NOLOGO "C:\Users\David_000\Documents\Visual Studio 2013\Projects\DirectX3D Project\packages\fx11_desktop_2013.2015.4.14.2\build\native\../../build/native/lib/x64/Release/Effects11.lib" d3d11.lib dxguid.lib uuid.lib kernel32.lib user32.lib gdi32.lib winspool.lib comdlg32.lib advapi32.lib shell32.lib ole32.lib oleaut32.lib uuid.lib odbc32.lib odbccp32.lib kernel32.lib user32.lib gdi32.lib winspool.lib comdlg32.lib advapi32.lib shell32.lib ole32.lib oleaut32.lib uuid.lib odbc32.lib odbccp32.lib /MANIFEST /MANIFESTUAC:"level='asInvoker' uiAccess='false'" /manifest:embed /manifestinput:settings.manifest /DEBUG /PDB:"C:\Users\David_000\Documents\Visual Studio 2013\Projects\DirectX3D Project\x64\Release\DirectX Project.pdb" /SUBSYSTEM:WINDOWS /OPT:REF /OPT:ICF /LTCG /TLBID:1 /DYNAMICBASE /NXCOMPAT /IMPLIB:"C:\Users\David_000\Documents\Visual Studio 2013\Projects\DirectX3D Project\x64\Release\DirectX Project.lib" /MACHINE:X64 x64\Release\resource.res
         x64\Release\Camera.obj
         x64\Release\Cube.obj
         x64\Release\Light.obj
         x64\Release\Simulation.obj
         x64\Release\Object.obj
         x64\Release\Main.obj
         x64\Release\pch.obj
         x64\Release\Shape.obj
         x64\Release\Sphere.obj
         x64\Release\VertexBuffer.obj
         "C:\Users\David_000\Documents\Visual Studio 2013\Projects\DirectX3D Project\DirectXTK\Bin\Desktop_2013\x64\Release\DirectXTK.lib"
         "C:\Users\David_000\Documents\Visual Studio 2013\Projects\DirectX3D Project\Effects11\Bin\Desktop_2013\x64\Release\Effects11.lib"
         Generating code
         Finished generating code
         DirectX Project.vcxproj -> C:\Users\David_000\Documents\Visual Studio 2013\Projects\DirectX3D Project\x64\Release\DirectX Project.exe
     1>Done Building Project "C:\Users\David_000\Documents\Visual Studio 2013\Projects\DirectX3D Project\DirectX Project.vcxproj" (Build target(s)).

Build succeeded.

Time Elapsed 00:00:03.21
