Build started 06/08/2015 11:45:26.
     1>Project "C:\Users\David_000\Documents\Visual Studio 2013\Projects\DirectX3D Project\Effects11\Effects11_2013.vcxproj" on node 3 (Build target(s)).
     1>ClCompile:
         C:\Program Files (x86)\Microsoft Visual Studio 12.0\VC\bin\x86_amd64\CL.exe /c /I.\Binary /I.\Inc /Zi /nologo /W4 /WX- /O2 /Oi /GL /D _WIN7_PLATFORM_UPDATE /D WIN32 /D NDEBUG /D _WINDOWS /D _LIB /D D3DXFX_LARGEADDRESS_HANDLE /D _WIN32_WINNT=0x0600 /D _UNICODE /D UNICODE /Gm- /EHsc /MD /GS /Gy /fp:fast /Zc:wchar_t /Zc:forScope /openmp- /Yc"pchfx.h" /Fp"Bin\Desktop_2013\x64\Release\Effects11.pch" /Fo"Bin\Desktop_2013\x64\Release\\" /Fd"Bin\Desktop_2013\x64\Release\Effects11.pdb" /Gd /TP /errorReport:prompt  d3dxGlobal.cpp
         d3dxGlobal.cpp
         C:\Program Files (x86)\Microsoft Visual Studio 12.0\VC\bin\x86_amd64\CL.exe /c /I.\Binary /I.\Inc /Zi /nologo /W4 /WX- /O2 /Oi /GL /D _WIN7_PLATFORM_UPDATE /D WIN32 /D NDEBUG /D _WINDOWS /D _LIB /D D3DXFX_LARGEADDRESS_HANDLE /D _WIN32_WINNT=0x0600 /D _UNICODE /D UNICODE /Gm- /EHsc /MD /GS /Gy /fp:fast /Zc:wchar_t /Zc:forScope /openmp- /Yu"pchfx.h" /Fp"Bin\Desktop_2013\x64\Release\Effects11.pch" /Fo"Bin\Desktop_2013\x64\Release\\" /Fd"Bin\Desktop_2013\x64\Release\Effects11.pdb" /Gd /TP /errorReport:prompt  EffectAPI.cpp EffectLoad.cpp EffectNonRuntime.cpp EffectReflection.cpp EffectRuntime.cpp
         EffectAPI.cpp
         EffectLoad.cpp
         EffectNonRuntime.cpp
         EffectReflection.cpp
         EffectRuntime.cpp
       Lib:
         C:\Program Files (x86)\Microsoft Visual Studio 12.0\VC\bin\x86_amd64\Lib.exe /OUT:"Bin\Desktop_2013\x64\Release\Effects11.lib" /NOLOGO /MACHINE:X64 /LTCG Bin\Desktop_2013\x64\Release\d3dxGlobal.obj
         Bin\Desktop_2013\x64\Release\EffectAPI.obj
         Bin\Desktop_2013\x64\Release\EffectLoad.obj
         Bin\Desktop_2013\x64\Release\EffectNonRuntime.obj
         Bin\Desktop_2013\x64\Release\EffectReflection.obj
         Bin\Desktop_2013\x64\Release\EffectRuntime.obj
         Effects11_2013.vcxproj -> C:\Users\David_000\Documents\Visual Studio 2013\Projects\DirectX3D Project\Effects11\Bin\Desktop_2013\x64\Release\Effects11.lib
     1>Done Building Project "C:\Users\David_000\Documents\Visual Studio 2013\Projects\DirectX3D Project\Effects11\Effects11_2013.vcxproj" (Build target(s)).

Build succeeded.

Time Elapsed 00:00:10.39
